goos: linux
goarch: amd64
pkg: gocp
cpu: Intel(R) Core(TM) i7-8550U CPU @ 1.80GHz
BenchmarkAtomic_AddInt64-8           	174287896	         6.757 ns/op
BenchmarkAtomic_AddInt64-8           	179032804	         6.870 ns/op
BenchmarkAtomic_AddInt64-8           	183676491	         6.638 ns/op
BenchmarkAtomic_AddInt64-8           	177126698	         6.743 ns/op
BenchmarkAtomic_AddInt64-8           	174303351	         6.878 ns/op
Benchmark_Int64_Buffered_Channel-8   	27068608	        41.73 ns/op
Benchmark_Int64_Buffered_Channel-8   	29385838	        41.80 ns/op
Benchmark_Int64_Buffered_Channel-8   	28584783	        41.54 ns/op
Benchmark_Int64_Buffered_Channel-8   	30280245	        42.70 ns/op
Benchmark_Int64_Buffered_Channel-8   	24700530	        45.76 ns/op
Benchmark_Int64_Mutex-8              	84582033	        13.53 ns/op
Benchmark_Int64_Mutex-8              	87839248	        13.26 ns/op
Benchmark_Int64_Mutex-8              	82943584	        13.26 ns/op
Benchmark_Int64_Mutex-8              	90081277	        13.18 ns/op
Benchmark_Int64_Mutex-8              	92012226	        13.07 ns/op
Benchmark_Int64_NoSync-8             	850767852	         1.412 ns/op
Benchmark_Int64_NoSync-8             	850788566	         1.405 ns/op
Benchmark_Int64_NoSync-8             	869410814	         1.405 ns/op
Benchmark_Int64_NoSync-8             	870281218	         1.409 ns/op
Benchmark_Int64_NoSync-8             	844844746	         1.408 ns/op
PASS
ok  	gocp	28.265s
